<?xml version="1.0" encoding="UTF-8"?>
<!-- Generated by org.testng.reporters.JUnitXMLReporter -->
<testsuite ignored="0" hostname="BLR1-LHP-N71512" failures="1" tests="2" name="Test" time="9.673" errors="0" timestamp="2022-02-21T18:18:44 IST">
  <testcase classname="com.employeeapi.testCases.TC001_Get_All_Employees" name="checkContentEncoding" time="0.01"/>
  <testcase classname="com.employeeapi.testCases.TC001_Get_All_Employees" name="checkContentEncoding" time="0.02">
    <failure type="java.lang.NullPointerException" message="Cannot invoke &amp;quot;com.aventstack.extentreports.ExtentReports.createTest(String)&amp;quot; because &amp;quot;this.extent&amp;quot; is null">
      <![CDATA[java.lang.NullPointerException: Cannot invoke "com.aventstack.extentreports.ExtentReports.createTest(String)" because "this.extent" is null
at com.employeeapi.utilities.Listeners.onTestSuccess(Listeners.java:24)
at java.base/java.util.ArrayList.forEach(ArrayList.java:1511)
... Removed 24 stack frames]]>
    </failure>
  </testcase> <!-- checkContentEncoding -->
</testsuite> <!-- Test -->
